This is pdfTeX, Version 3.1415926-2.5-1.40.14 (TeX Live 2013/Debian) (format=pdflatex 2014.9.8)  2 JUN 2015 09:49
entering extended mode
 restricted \write18 enabled.
 %&-line parsing enabled.
**main.tex
(./main.tex
LaTeX2e <2011/06/27>
Babel <3.9h> and hyphenation patterns for 4 languages loaded.
(/usr/share/texlive/texmf-dist/tex/latex/base/article.cls
Document Class: article 2007/10/19 v1.4h Standard LaTeX document class
(/usr/share/texlive/texmf-dist/tex/latex/base/size10.clo
File: size10.clo 2007/10/19 v1.4h Standard LaTeX file (size option)
)
\c@part=\count79
\c@section=\count80
\c@subsection=\count81
\c@subsubsection=\count82
\c@paragraph=\count83
\c@subparagraph=\count84
\c@figure=\count85
\c@table=\count86
\abovecaptionskip=\skip41
\belowcaptionskip=\skip42
\bibindent=\dimen102
)
(/usr/share/texlive/texmf-dist/tex/latex/base/fontenc.sty
Package: fontenc 2005/09/27 v1.99g Standard LaTeX package

(/usr/share/texlive/texmf-dist/tex/latex/base/t1enc.def
File: t1enc.def 2005/09/27 v1.99g Standard LaTeX file
LaTeX Font Info:    Redeclaring font encoding T1 on input line 43.
))
(/usr/share/texlive/texmf-dist/tex/latex/base/inputenc.sty
Package: inputenc 2008/03/30 v1.1d Input encoding file
\inpenc@prehook=\toks14
\inpenc@posthook=\toks15

(/usr/share/texlive/texmf-dist/tex/latex/base/utf8.def
File: utf8.def 2008/04/05 v1.1m UTF-8 support for inputenc
Now handling font encoding OML ...
... no UTF-8 mapping file for font encoding OML
Now handling font encoding T1 ...
... processing UTF-8 mapping file for font encoding T1

(/usr/share/texlive/texmf-dist/tex/latex/base/t1enc.dfu
File: t1enc.dfu 2008/04/05 v1.1m UTF-8 support for inputenc
   defining Unicode char U+00A1 (decimal 161)
   defining Unicode char U+00A3 (decimal 163)
   defining Unicode char U+00AB (decimal 171)
   defining Unicode char U+00BB (decimal 187)
   defining Unicode char U+00BF (decimal 191)
   defining Unicode char U+00C0 (decimal 192)
   defining Unicode char U+00C1 (decimal 193)
   defining Unicode char U+00C2 (decimal 194)
   defining Unicode char U+00C3 (decimal 195)
   defining Unicode char U+00C4 (decimal 196)
   defining Unicode char U+00C5 (decimal 197)
   defining Unicode char U+00C6 (decimal 198)
   defining Unicode char U+00C7 (decimal 199)
   defining Unicode char U+00C8 (decimal 200)
   defining Unicode char U+00C9 (decimal 201)
   defining Unicode char U+00CA (decimal 202)
   defining Unicode char U+00CB (decimal 203)
   defining Unicode char U+00CC (decimal 204)
   defining Unicode char U+00CD (decimal 205)
   defining Unicode char U+00CE (decimal 206)
   defining Unicode char U+00CF (decimal 207)
   defining Unicode char U+00D0 (decimal 208)
   defining Unicode char U+00D1 (decimal 209)
   defining Unicode char U+00D2 (decimal 210)
   defining Unicode char U+00D3 (decimal 211)
   defining Unicode char U+00D4 (decimal 212)
   defining Unicode char U+00D5 (decimal 213)
   defining Unicode char U+00D6 (decimal 214)
   defining Unicode char U+00D8 (decimal 216)
   defining Unicode char U+00D9 (decimal 217)
   defining Unicode char U+00DA (decimal 218)
   defining Unicode char U+00DB (decimal 219)
   defining Unicode char U+00DC (decimal 220)
   defining Unicode char U+00DD (decimal 221)
   defining Unicode char U+00DE (decimal 222)
   defining Unicode char U+00DF (decimal 223)
   defining Unicode char U+00E0 (decimal 224)
   defining Unicode char U+00E1 (decimal 225)
   defining Unicode char U+00E2 (decimal 226)
   defining Unicode char U+00E3 (decimal 227)
   defining Unicode char U+00E4 (decimal 228)
   defining Unicode char U+00E5 (decimal 229)
   defining Unicode char U+00E6 (decimal 230)
   defining Unicode char U+00E7 (decimal 231)
   defining Unicode char U+00E8 (decimal 232)
   defining Unicode char U+00E9 (decimal 233)
   defining Unicode char U+00EA (decimal 234)
   defining Unicode char U+00EB (decimal 235)
   defining Unicode char U+00EC (decimal 236)
   defining Unicode char U+00ED (decimal 237)
   defining Unicode char U+00EE (decimal 238)
   defining Unicode char U+00EF (decimal 239)
   defining Unicode char U+00F0 (decimal 240)
   defining Unicode char U+00F1 (decimal 241)
   defining Unicode char U+00F2 (decimal 242)
   defining Unicode char U+00F3 (decimal 243)
   defining Unicode char U+00F4 (decimal 244)
   defining Unicode char U+00F5 (decimal 245)
   defining Unicode char U+00F6 (decimal 246)
   defining Unicode char U+00F8 (decimal 248)
   defining Unicode char U+00F9 (decimal 249)
   defining Unicode char U+00FA (decimal 250)
   defining Unicode char U+00FB (decimal 251)
   defining Unicode char U+00FC (decimal 252)
   defining Unicode char U+00FD (decimal 253)
   defining Unicode char U+00FE (decimal 254)
   defining Unicode char U+00FF (decimal 255)
   defining Unicode char U+0102 (decimal 258)
   defining Unicode char U+0103 (decimal 259)
   defining Unicode char U+0104 (decimal 260)
   defining Unicode char U+0105 (decimal 261)
   defining Unicode char U+0106 (decimal 262)
   defining Unicode char U+0107 (decimal 263)
   defining Unicode char U+010C (decimal 268)
   defining Unicode char U+010D (decimal 269)
   defining Unicode char U+010E (decimal 270)
   defining Unicode char U+010F (decimal 271)
   defining Unicode char U+0110 (decimal 272)
   defining Unicode char U+0111 (decimal 273)
   defining Unicode char U+0118 (decimal 280)
   defining Unicode char U+0119 (decimal 281)
   defining Unicode char U+011A (decimal 282)
   defining Unicode char U+011B (decimal 283)
   defining Unicode char U+011E (decimal 286)
   defining Unicode char U+011F (decimal 287)
   defining Unicode char U+0130 (decimal 304)
   defining Unicode char U+0131 (decimal 305)
   defining Unicode char U+0132 (decimal 306)
   defining Unicode char U+0133 (decimal 307)
   defining Unicode char U+0139 (decimal 313)
   defining Unicode char U+013A (decimal 314)
   defining Unicode char U+013D (decimal 317)
   defining Unicode char U+013E (decimal 318)
   defining Unicode char U+0141 (decimal 321)
   defining Unicode char U+0142 (decimal 322)
   defining Unicode char U+0143 (decimal 323)
   defining Unicode char U+0144 (decimal 324)
   defining Unicode char U+0147 (decimal 327)
   defining Unicode char U+0148 (decimal 328)
   defining Unicode char U+014A (decimal 330)
   defining Unicode char U+014B (decimal 331)
   defining Unicode char U+0150 (decimal 336)
   defining Unicode char U+0151 (decimal 337)
   defining Unicode char U+0152 (decimal 338)
   defining Unicode char U+0153 (decimal 339)
   defining Unicode char U+0154 (decimal 340)
   defining Unicode char U+0155 (decimal 341)
   defining Unicode char U+0158 (decimal 344)
   defining Unicode char U+0159 (decimal 345)
   defining Unicode char U+015A (decimal 346)
   defining Unicode char U+015B (decimal 347)
   defining Unicode char U+015E (decimal 350)
   defining Unicode char U+015F (decimal 351)
   defining Unicode char U+0160 (decimal 352)
   defining Unicode char U+0161 (decimal 353)
   defining Unicode char U+0162 (decimal 354)
   defining Unicode char U+0163 (decimal 355)
   defining Unicode char U+0164 (decimal 356)
   defining Unicode char U+0165 (decimal 357)
   defining Unicode char U+016E (decimal 366)
   defining Unicode char U+016F (decimal 367)
   defining Unicode char U+0170 (decimal 368)
   defining Unicode char U+0171 (decimal 369)
   defining Unicode char U+0178 (decimal 376)
   defining Unicode char U+0179 (decimal 377)
   defining Unicode char U+017A (decimal 378)
   defining Unicode char U+017B (decimal 379)
   defining Unicode char U+017C (decimal 380)
   defining Unicode char U+017D (decimal 381)
   defining Unicode char U+017E (decimal 382)
   defining Unicode char U+200C (decimal 8204)
   defining Unicode char U+2013 (decimal 8211)
   defining Unicode char U+2014 (decimal 8212)
   defining Unicode char U+2018 (decimal 8216)
   defining Unicode char U+2019 (decimal 8217)
   defining Unicode char U+201A (decimal 8218)
   defining Unicode char U+201C (decimal 8220)
   defining Unicode char U+201D (decimal 8221)
   defining Unicode char U+201E (decimal 8222)
   defining Unicode char U+2030 (decimal 8240)
   defining Unicode char U+2031 (decimal 8241)
   defining Unicode char U+2039 (decimal 8249)
   defining Unicode char U+203A (decimal 8250)
   defining Unicode char U+2423 (decimal 9251)
)
Now handling font encoding OT1 ...
... processing UTF-8 mapping file for font encoding OT1

(/usr/share/texlive/texmf-dist/tex/latex/base/ot1enc.dfu
File: ot1enc.dfu 2008/04/05 v1.1m UTF-8 support for inputenc
   defining Unicode char U+00A1 (decimal 161)
   defining Unicode char U+00A3 (decimal 163)
   defining Unicode char U+00B8 (decimal 184)
   defining Unicode char U+00BF (decimal 191)
   defining Unicode char U+00C5 (decimal 197)
   defining Unicode char U+00C6 (decimal 198)
   defining Unicode char U+00D8 (decimal 216)
   defining Unicode char U+00DF (decimal 223)
   defining Unicode char U+00E6 (decimal 230)
   defining Unicode char U+00EC (decimal 236)
   defining Unicode char U+00ED (decimal 237)
   defining Unicode char U+00EE (decimal 238)
   defining Unicode char U+00EF (decimal 239)
   defining Unicode char U+00F8 (decimal 248)
   defining Unicode char U+0131 (decimal 305)
   defining Unicode char U+0141 (decimal 321)
   defining Unicode char U+0142 (decimal 322)
   defining Unicode char U+0152 (decimal 338)
   defining Unicode char U+0153 (decimal 339)
   defining Unicode char U+2013 (decimal 8211)
   defining Unicode char U+2014 (decimal 8212)
   defining Unicode char U+2018 (decimal 8216)
   defining Unicode char U+2019 (decimal 8217)
   defining Unicode char U+201C (decimal 8220)
   defining Unicode char U+201D (decimal 8221)
)
Now handling font encoding OMS ...
... processing UTF-8 mapping file for font encoding OMS

(/usr/share/texlive/texmf-dist/tex/latex/base/omsenc.dfu
File: omsenc.dfu 2008/04/05 v1.1m UTF-8 support for inputenc
   defining Unicode char U+00A7 (decimal 167)
   defining Unicode char U+00B6 (decimal 182)
   defining Unicode char U+00B7 (decimal 183)
   defining Unicode char U+2020 (decimal 8224)
   defining Unicode char U+2021 (decimal 8225)
   defining Unicode char U+2022 (decimal 8226)
)
Now handling font encoding OMX ...
... no UTF-8 mapping file for font encoding OMX
Now handling font encoding U ...
... no UTF-8 mapping file for font encoding U
   defining Unicode char U+00A9 (decimal 169)
   defining Unicode char U+00AA (decimal 170)
   defining Unicode char U+00AE (decimal 174)
   defining Unicode char U+00BA (decimal 186)
   defining Unicode char U+02C6 (decimal 710)
   defining Unicode char U+02DC (decimal 732)
   defining Unicode char U+200C (decimal 8204)
   defining Unicode char U+2026 (decimal 8230)
   defining Unicode char U+2122 (decimal 8482)
   defining Unicode char U+2423 (decimal 9251)
))
(/usr/share/texlive/texmf-dist/tex/latex/a4wide/a4wide.sty
Package: a4wide 1994/08/30

(/usr/share/texlive/texmf-dist/tex/latex/ntgclass/a4.sty
Package: a4 2004/04/15 v1.2g A4 based page layout
))
(/usr/share/texlive/texmf-dist/tex/latex/enumitem/enumitem.sty
Package: enumitem 2011/09/28 v3.5.2 Customized lists
\enitkv@toks@=\toks16
\labelindent=\skip43
\enit@outerparindent=\dimen103
\enit@toks=\toks17
\enit@inbox=\box26
\enitdp@description=\count87
)
(/usr/share/texlive/texmf-dist/tex/generic/babel/babel.sty
Package: babel 2013/12/03 3.9h The Babel package

(/usr/share/texlive/texmf-dist/tex/generic/babel-english/english.ldf
Language: english 2012/08/20 v3.3p English support from the babel system

(/usr/share/texlive/texmf-dist/tex/generic/babel/babel.def
File: babel.def 2013/12/03 3.9h Babel common definitions
\babel@savecnt=\count88
\U@D=\dimen104
)
\l@british = a dialect from \language\l@english 
\l@UKenglish = a dialect from \language\l@english 
\l@canadian = a dialect from \language\l@american 
\l@australian = a dialect from \language\l@british 
\l@newzealand = a dialect from \language\l@british 
)
(/usr/share/texlive/texmf-dist/tex/generic/babel-french/frenchb.ldf
Language: frenchb 2013/12/30 v2.6g French support from the babel system
\FB@interchartokenstateORI=\count89
Package babel Info: Making : an active character on input line 244.
Package babel Info: Making ; an active character on input line 245.
Package babel Info: Making ! an active character on input line 246.
Package babel Info: Making ? an active character on input line 247.
\FB@Mht=\dimen105
\std@mcc=\count90
\dec@mcc=\count91
\listindentFB=\skip44
\labelwidthFB=\skip45
\leftmarginFB=\skip46
\parindentFFN=\dimen106
))
(/usr/share/texlive/texmf-dist/tex/latex/carlisle/scalefnt.sty)
(/usr/share/texlive/texmf-dist/tex/latex/graphics/keyval.sty
Package: keyval 1999/03/16 v1.13 key=value parser (DPC)
\KV@toks@=\toks18
)
(/usr/share/texlive/texmf-dist/tex/latex/hyperref/hyperref.sty
Package: hyperref 2012/11/06 v6.83m Hypertext links for LaTeX

(/usr/share/texlive/texmf-dist/tex/generic/oberdiek/hobsub-hyperref.sty
Package: hobsub-hyperref 2012/05/28 v1.13 Bundle oberdiek, subset hyperref (HO)


(/usr/share/texlive/texmf-dist/tex/generic/oberdiek/hobsub-generic.sty
Package: hobsub-generic 2012/05/28 v1.13 Bundle oberdiek, subset generic (HO)
Package: hobsub 2012/05/28 v1.13 Construct package bundles (HO)
Package: infwarerr 2010/04/08 v1.3 Providing info/warning/error messages (HO)
Package: ltxcmds 2011/11/09 v1.22 LaTeX kernel commands for general use (HO)
Package: ifluatex 2010/03/01 v1.3 Provides the ifluatex switch (HO)
Package ifluatex Info: LuaTeX not detected.
Package: ifvtex 2010/03/01 v1.5 Detect VTeX and its facilities (HO)
Package ifvtex Info: VTeX not detected.
Package: intcalc 2007/09/27 v1.1 Expandable calculations with integers (HO)
Package: ifpdf 2011/01/30 v2.3 Provides the ifpdf switch (HO)
Package ifpdf Info: pdfTeX in PDF mode is detected.
Package: etexcmds 2011/02/16 v1.5 Avoid name clashes with e-TeX commands (HO)
Package etexcmds Info: Could not find \expanded.
(etexcmds)             That can mean that you are not using pdfTeX 1.50 or
(etexcmds)             that some package has redefined \expanded.
(etexcmds)             In the latter case, load this package earlier.
Package: kvsetkeys 2012/04/25 v1.16 Key value parser (HO)
Package: kvdefinekeys 2011/04/07 v1.3 Define keys (HO)
Package: pdftexcmds 2011/11/29 v0.20 Utility functions of pdfTeX for LuaTeX (HO
)
Package pdftexcmds Info: LuaTeX not detected.
Package pdftexcmds Info: \pdf@primitive is available.
Package pdftexcmds Info: \pdf@ifprimitive is available.
Package pdftexcmds Info: \pdfdraftmode found.
Package: pdfescape 2011/11/25 v1.13 Implements pdfTeX's escape features (HO)
Package: bigintcalc 2012/04/08 v1.3 Expandable calculations on big integers (HO
)
Package: bitset 2011/01/30 v1.1 Handle bit-vector datatype (HO)
Package: uniquecounter 2011/01/30 v1.2 Provide unlimited unique counter (HO)
)
Package hobsub Info: Skipping package `hobsub' (already loaded).
Package: letltxmacro 2010/09/02 v1.4 Let assignment for LaTeX macros (HO)
Package: hopatch 2012/05/28 v1.2 Wrapper for package hooks (HO)
Package: xcolor-patch 2011/01/30 xcolor patch
Package: atveryend 2011/06/30 v1.8 Hooks at the very end of document (HO)
Package atveryend Info: \enddocument detected (standard20110627).
Package: atbegshi 2011/10/05 v1.16 At begin shipout hook (HO)
Package: refcount 2011/10/16 v3.4 Data extraction from label references (HO)
Package: hycolor 2011/01/30 v1.7 Color options for hyperref/bookmark (HO)
)
(/usr/share/texlive/texmf-dist/tex/generic/ifxetex/ifxetex.sty
Package: ifxetex 2010/09/12 v0.6 Provides ifxetex conditional
)
(/usr/share/texlive/texmf-dist/tex/latex/oberdiek/auxhook.sty
Package: auxhook 2011/03/04 v1.3 Hooks for auxiliary files (HO)
)
(/usr/share/texlive/texmf-dist/tex/latex/oberdiek/kvoptions.sty
Package: kvoptions 2011/06/30 v3.11 Key value format for package options (HO)
)
\@linkdim=\dimen107
\Hy@linkcounter=\count92
\Hy@pagecounter=\count93

(/usr/share/texlive/texmf-dist/tex/latex/hyperref/pd1enc.def
File: pd1enc.def 2012/11/06 v6.83m Hyperref: PDFDocEncoding definition (HO)
Now handling font encoding PD1 ...
... no UTF-8 mapping file for font encoding PD1
)
\Hy@SavedSpaceFactor=\count94

(/usr/share/texlive/texmf-dist/tex/latex/latexconfig/hyperref.cfg
File: hyperref.cfg 2002/06/06 v1.2 hyperref configuration of TeXLive
)
Package hyperref Info: Hyper figures OFF on input line 4443.
Package hyperref Info: Link nesting OFF on input line 4448.
Package hyperref Info: Hyper index ON on input line 4451.
Package hyperref Info: Plain pages OFF on input line 4458.
Package hyperref Info: Backreferencing OFF on input line 4463.
Package hyperref Info: Implicit mode ON; LaTeX internals redefined.
Package hyperref Info: Bookmarks ON on input line 4688.
\c@Hy@tempcnt=\count95

(/usr/share/texlive/texmf-dist/tex/latex/url/url.sty
\Urlmuskip=\muskip10
Package: url 2013/09/16  ver 3.4  Verb mode for urls, etc.
)
LaTeX Info: Redefining \url on input line 5041.
\XeTeXLinkMargin=\dimen108
\Fld@menulength=\count96
\Field@Width=\dimen109
\Fld@charsize=\dimen110
Package hyperref Info: Hyper figures OFF on input line 6295.
Package hyperref Info: Link nesting OFF on input line 6300.
Package hyperref Info: Hyper index ON on input line 6303.
Package hyperref Info: backreferencing OFF on input line 6310.
Package hyperref Info: Link coloring OFF on input line 6315.
Package hyperref Info: Link coloring with OCG OFF on input line 6320.
Package hyperref Info: PDF/A mode OFF on input line 6325.
LaTeX Info: Redefining \ref on input line 6365.
LaTeX Info: Redefining \pageref on input line 6369.
\Hy@abspage=\count97
\c@Item=\count98
\c@Hfootnote=\count99
)

Package hyperref Message: Driver (autodetected): hpdftex.

(/usr/share/texlive/texmf-dist/tex/latex/hyperref/hpdftex.def
File: hpdftex.def 2012/11/06 v6.83m Hyperref driver for pdfTeX
\Fld@listcount=\count100
\c@bookmark@seq@number=\count101

(/usr/share/texlive/texmf-dist/tex/latex/oberdiek/rerunfilecheck.sty
Package: rerunfilecheck 2011/04/15 v1.7 Rerun checks for auxiliary files (HO)
Package uniquecounter Info: New unique counter `rerunfilecheck' on input line 2
82.
)
\Hy@SectionHShift=\skip47
)
(/usr/share/texlive/texmf-dist/tex/latex/listings/listings.sty
\lst@mode=\count102
\lst@gtempboxa=\box27
\lst@token=\toks19
\lst@length=\count103
\lst@currlwidth=\dimen111
\lst@column=\count104
\lst@pos=\count105
\lst@lostspace=\dimen112
\lst@width=\dimen113
\lst@newlines=\count106
\lst@lineno=\count107
\lst@maxwidth=\dimen114

(/usr/share/texlive/texmf-dist/tex/latex/listings/lstmisc.sty
File: lstmisc.sty 2013/08/26 1.5b (Carsten Heinz)
\c@lstnumber=\count108
\lst@skipnumbers=\count109
\lst@framebox=\box28
)
(/usr/share/texlive/texmf-dist/tex/latex/listings/listings.cfg
File: listings.cfg 2013/08/26 1.5b listings configuration
))
Package: listings 2013/08/26 1.5b (Carsten Heinz)

(/usr/share/texlive/texmf-dist/tex/latex/graphics/color.sty
Package: color 2005/11/14 v1.0j Standard LaTeX Color (DPC)

(/usr/share/texlive/texmf-dist/tex/latex/latexconfig/color.cfg
File: color.cfg 2007/01/18 v1.5 color configuration of teTeX/TeXLive
)
Package color Info: Driver file: pdftex.def on input line 130.

(/usr/share/texlive/texmf-dist/tex/latex/pdftex-def/pdftex.def
File: pdftex.def 2011/05/27 v0.06d Graphics/color for pdfTeX
\Gread@gobject=\count110
))
(/usr/share/texlive/texmf-dist/tex/latex/graphics/graphicx.sty
Package: graphicx 1999/02/16 v1.0f Enhanced LaTeX Graphics (DPC,SPQR)

(/usr/share/texlive/texmf-dist/tex/latex/graphics/graphics.sty
Package: graphics 2009/02/05 v1.0o Standard LaTeX Graphics (DPC,SPQR)

(/usr/share/texlive/texmf-dist/tex/latex/graphics/trig.sty
Package: trig 1999/03/16 v1.09 sin cos tan (DPC)
)
(/usr/share/texlive/texmf-dist/tex/latex/latexconfig/graphics.cfg
File: graphics.cfg 2010/04/23 v1.9 graphics configuration of TeX Live
)
Package graphics Info: Driver file: pdftex.def on input line 91.
)
\Gin@req@height=\dimen115
\Gin@req@width=\dimen116
)
(/usr/share/texlive/texmf-dist/tex/latex/pdfpages/pdfpages.sty
Package: pdfpages 2013/08/25 v0.4v Insert pages of external PDF documents (AM)

(/usr/share/texlive/texmf-dist/tex/latex/base/ifthen.sty
Package: ifthen 2001/05/26 v1.1c Standard LaTeX ifthen package (DPC)
)
(/usr/share/texlive/texmf-dist/tex/latex/tools/calc.sty
Package: calc 2007/08/22 v4.3 Infix arithmetic (KKT,FJ)
\calc@Acount=\count111
\calc@Bcount=\count112
\calc@Adimen=\dimen117
\calc@Bdimen=\dimen118
\calc@Askip=\skip48
\calc@Bskip=\skip49
LaTeX Info: Redefining \setlength on input line 76.
LaTeX Info: Redefining \addtolength on input line 77.
\calc@Ccount=\count113
\calc@Cskip=\skip50
)
(/usr/share/texlive/texmf-dist/tex/latex/eso-pic/eso-pic.sty
Package: eso-pic 2013/10/06 v2.0d eso-pic (RN)
)
(/usr/share/texlive/texmf-dist/tex/latex/pdfpages/pppdftex.def
File: pppdftex.def 2013/08/25 v0.4v Pdfpages driver for pdfTeX (AM)
)
\AM@pagebox=\box29
\AM@toc@title=\toks20
\c@AM@survey=\count114
\AM@templatesizebox=\box30
)
(/usr/share/texlive/texmf-dist/tex/latex/titlesec/titlesec.sty
Package: titlesec 2011/12/15 v2.10.0 Sectioning titles
\ttl@box=\box31
\beforetitleunit=\skip51
\aftertitleunit=\skip52
\ttl@plus=\dimen119
\ttl@minus=\dimen120
\ttl@toksa=\toks21
\titlewidth=\dimen121
\titlewidthlast=\dimen122
\titlewidthfirst=\dimen123
)
(/usr/share/texlive/texmf-dist/tex/latex/framed/framed.sty
Package: framed 2011/10/22 v 0.96: framed or shaded text with page breaks
\OuterFrameSep=\skip53
\fb@frw=\dimen124
\fb@frh=\dimen125
\FrameRule=\dimen126
\FrameSep=\dimen127
)
(/usr/share/texlive/texmf-dist/tex/latex/ms/ragged2e.sty
Package: ragged2e 2009/05/21 v2.1 ragged2e Package (MS)

(/usr/share/texlive/texmf-dist/tex/latex/ms/everysel.sty
Package: everysel 2011/10/28 v1.2 EverySelectfont Package (MS)
)
\CenteringLeftskip=\skip54
\RaggedLeftLeftskip=\skip55
\RaggedRightLeftskip=\skip56
\CenteringRightskip=\skip57
\RaggedLeftRightskip=\skip58
\RaggedRightRightskip=\skip59
\CenteringParfillskip=\skip60
\RaggedLeftParfillskip=\skip61
\RaggedRightParfillskip=\skip62
\JustifyingParfillskip=\skip63
\CenteringParindent=\skip64
\RaggedLeftParindent=\skip65
\RaggedRightParindent=\skip66
\JustifyingParindent=\skip67
)
(/usr/share/texlive/texmf-dist/tex/latex/geometry/geometry.sty
Package: geometry 2010/09/12 v5.6 Page Geometry
\Gm@cnth=\count115
\Gm@cntv=\count116
\c@Gm@tempcnt=\count117
\Gm@bindingoffset=\dimen128
\Gm@wd@mp=\dimen129
\Gm@odd@mp=\dimen130
\Gm@even@mp=\dimen131
\Gm@layoutwidth=\dimen132
\Gm@layoutheight=\dimen133
\Gm@layouthoffset=\dimen134
\Gm@layoutvoffset=\dimen135
\Gm@dimlist=\toks22
) (./main.aux)
\openout1 = `main.aux'.

LaTeX Font Info:    Checking defaults for OML/cmm/m/it on input line 68.
LaTeX Font Info:    ... okay on input line 68.
LaTeX Font Info:    Checking defaults for T1/cmr/m/n on input line 68.
LaTeX Font Info:    ... okay on input line 68.
LaTeX Font Info:    Checking defaults for OT1/cmr/m/n on input line 68.
LaTeX Font Info:    ... okay on input line 68.
LaTeX Font Info:    Checking defaults for OMS/cmsy/m/n on input line 68.
LaTeX Font Info:    ... okay on input line 68.
LaTeX Font Info:    Checking defaults for OMX/cmex/m/n on input line 68.
LaTeX Font Info:    ... okay on input line 68.
LaTeX Font Info:    Checking defaults for U/cmr/m/n on input line 68.
LaTeX Font Info:    ... okay on input line 68.
LaTeX Font Info:    Checking defaults for PD1/pdf/m/n on input line 68.
LaTeX Font Info:    ... okay on input line 68.
LaTeX Info: Redefining \degres on input line 68.
LaTeX Info: Redefining \dots on input line 68.


Package frenchb.ldf Warning: Setting StandardItemizeEnv=true for
(frenchb.ldf)                compatibility with enumitem package,
(frenchb.ldf)                 on input line 68.


Package frenchb.ldf Warning: Setting StandardEnumerateEnv=true for
(frenchb.ldf)                compatibility with enumitem package,
(frenchb.ldf)                 on input line 68.

LaTeX Info: Redefining \up on input line 68.
\AtBeginShipoutBox=\box32
Package hyperref Info: Link coloring OFF on input line 68.
(/usr/share/texlive/texmf-dist/tex/latex/hyperref/nameref.sty
Package: nameref 2012/10/27 v2.43 Cross-referencing by name of section

(/usr/share/texlive/texmf-dist/tex/generic/oberdiek/gettitlestring.sty
Package: gettitlestring 2010/12/03 v1.4 Cleanup title references (HO)
)
\c@section@level=\count118
)
LaTeX Info: Redefining \ref on input line 68.
LaTeX Info: Redefining \pageref on input line 68.
LaTeX Info: Redefining \nameref on input line 68.

(./main.out) (./main.out)
\@outlinefile=\write3
\openout3 = `main.out'.

\c@lstlisting=\count119

(/usr/share/texlive/texmf-dist/tex/context/base/supp-pdf.mkii
[Loading MPS to PDF converter (version 2006.09.02).]
\scratchcounter=\count120
\scratchdimen=\dimen136
\scratchbox=\box33
\nofMPsegments=\count121
\nofMParguments=\count122
\everyMPshowfont=\toks23
\MPscratchCnt=\count123
\MPscratchDim=\dimen137
\MPnumerator=\count124
\makeMPintoPDFobject=\count125
\everyMPtoPDFconversion=\toks24
) (/usr/share/texlive/texmf-dist/tex/latex/oberdiek/epstopdf-base.sty
Package: epstopdf-base 2010/02/09 v2.5 Base part for package epstopdf

(/usr/share/texlive/texmf-dist/tex/latex/oberdiek/grfext.sty
Package: grfext 2010/08/19 v1.1 Manage graphics extensions (HO)
)
Package grfext Info: Graphics extension search list:
(grfext)             [.png,.eps]
(grfext)             \AppendGraphicsExtensions on input line 452.

(/usr/share/texlive/texmf-dist/tex/latex/latexconfig/epstopdf-sys.cfg
File: epstopdf-sys.cfg 2010/07/13 v1.3 Configuration of (r)epstopdf for TeX Liv
e
))
ABD: EverySelectfont initializing macros
LaTeX Info: Redefining \selectfont on input line 68.

*geometry* driver: auto-detecting
*geometry* detected driver: pdftex
*geometry* verbose mode - [ preamble ] result:
* driver: pdftex
* paper: <default>
* layout: <same size as paper>
* layoutoffset:(h,v)=(0.0pt,0.0pt)
* modes: 
* h-part:(L,W,R)=(71.13188pt, 472.03123pt, 71.13188pt)
* v-part:(T,H,B)=(85.35826pt, 644.1703pt, 65.44142pt)
* \paperwidth=614.295pt
* \paperheight=794.96999pt
* \textwidth=472.03123pt
* \textheight=644.1703pt
* \oddsidemargin=-1.1381pt
* \evensidemargin=-1.1381pt
* \topmargin=-27.36447pt
* \headheight=12.0pt
* \headsep=28.45274pt
* \topskip=10.0pt
* \footskip=30.0pt
* \marginparwidth=54.2025pt
* \marginparsep=11.0pt
* \columnsep=10.0pt
* \skip\footins=9.0pt plus 4.0pt minus 2.0pt
* \hoffset=0.0pt
* \voffset=0.0pt
* \mag=1000
* \@twocolumnfalse
* \@twosidefalse
* \@mparswitchfalse
* \@reversemarginfalse
* (1in=72.27pt=25.4mm, 1cm=28.453pt)

<graphics/UCL.jpg, id=20, 856.19875pt x 1185.42876pt>
File: graphics/UCL.jpg Graphic file (type jpg)
 <use graphics/UCL.jpg>
Package pdftex.def Info: graphics/UCL.jpg used on input line 73.
(pdftex.def)             Requested size: 102.43008pt x 141.81119pt.
LaTeX Font Info:    External font `cmex10' loaded for size
(Font)              <7> on input line 74.
LaTeX Font Info:    External font `cmex10' loaded for size
(Font)              <5> on input line 74.

<graphics/EPL.jpg, id=21, 513.92pt x 513.92pt>
File: graphics/EPL.jpg Graphic file (type jpg)
 <use graphics/EPL.jpg>
Package pdftex.def Info: graphics/EPL.jpg used on input line 84.
(pdftex.def)             Requested size: 102.43008pt x 102.42929pt.

Underfull \hbox (badness 10000) in paragraph at lines 84--86

 []


Underfull \hbox (badness 10000) in paragraph at lines 84--86

 []


Underfull \hbox (badness 10000) in paragraph at lines 84--86

 []


Underfull \hbox (badness 10000) in paragraph at lines 84--86

 []


Overfull \hbox (4.44333pt too wide) in paragraph at lines 72--88
$[]$ $[]$ $[]$
 []


Underfull \hbox (badness 10000) in paragraph at lines 93--99

 []


Underfull \hbox (badness 10000) in paragraph at lines 93--99

 []


Overfull \hbox (35.89316pt too wide) in paragraph at lines 101--107
[][] 
 []


Overfull \hbox (2.22166pt too wide) in paragraph at lines 92--108
$[]$ $[]$ 
 []

[1

{/var/lib/texmf/fonts/map/pdftex/updmap/pdftex.map} <./graphics/UCL.jpg> <./gra
phics/EPL.jpg>]
<SE_requirements_analysis_Care4Care.pdf, id=30, 597.23125pt x 845.1575pt>
File: SE_requirements_analysis_Care4Care.pdf Graphic file (type pdf)

<use SE_requirements_analysis_Care4Care.pdf>
Package pdftex.def Info: SE_requirements_analysis_Care4Care.pdf used on input l
ine 120.
(pdftex.def)             Requested size: 597.22978pt x 845.15544pt.
File: SE_requirements_analysis_Care4Care.pdf Graphic file (type pdf)

<use SE_requirements_analysis_Care4Care.pdf>
Package pdftex.def Info: SE_requirements_analysis_Care4Care.pdf used on input l
ine 120.
(pdftex.def)             Requested size: 597.22978pt x 845.15544pt.
 [2

]
<SE_requirements_analysis_Care4Care.pdf, id=38, page=1, 597.23125pt x 845.1575p
t>
File: SE_requirements_analysis_Care4Care.pdf Graphic file (type pdf)
 <use SE_requirements_analysis_Care4Care.pdf, page 1>
Package pdftex.def Info: SE_requirements_analysis_Care4Care.pdf, page1 used on 
input line 120.
(pdftex.def)             Requested size: 597.22978pt x 845.15544pt.
File: SE_requirements_analysis_Care4Care.pdf Graphic file (type pdf)

<use SE_requirements_analysis_Care4Care.pdf, page 1>
Package pdftex.def Info: SE_requirements_analysis_Care4Care.pdf, page1 used on 
input line 120.
(pdftex.def)             Requested size: 561.86221pt x 795.10587pt.
File: SE_requirements_analysis_Care4Care.pdf Graphic file (type pdf)

<use SE_requirements_analysis_Care4Care.pdf, page 1>
Package pdftex.def Info: SE_requirements_analysis_Care4Care.pdf, page1 used on 
input line 120.
(pdftex.def)             Requested size: 561.86221pt x 795.10587pt.
File: SE_requirements_analysis_Care4Care.pdf Graphic file (type pdf)

<use SE_requirements_analysis_Care4Care.pdf, page 1>
Package pdftex.def Info: SE_requirements_analysis_Care4Care.pdf, page1 used on 
input line 120.
(pdftex.def)             Requested size: 561.86221pt x 795.10587pt.
File: SE_requirements_analysis_Care4Care.pdf Graphic file (type pdf)

<use SE_requirements_analysis_Care4Care.pdf, page 1>
Package pdftex.def Info: SE_requirements_analysis_Care4Care.pdf, page1 used on 
input line 120.
(pdftex.def)             Requested size: 561.86221pt x 795.10587pt.
 [3 <./SE_requirements_analysis_Care4Care.pdf>]
<SE_requirements_analysis_Care4Care.pdf, id=67, page=2, 597.23125pt x 845.1575p
t>
File: SE_requirements_analysis_Care4Care.pdf Graphic file (type pdf)
 <use SE_requirements_analysis_Care4Care.pdf, page 2>
Package pdftex.def Info: SE_requirements_analysis_Care4Care.pdf, page2 used on 
input line 120.
(pdftex.def)             Requested size: 561.86221pt x 795.10587pt.
File: SE_requirements_analysis_Care4Care.pdf Graphic file (type pdf)

<use SE_requirements_analysis_Care4Care.pdf, page 2>
Package pdftex.def Info: SE_requirements_analysis_Care4Care.pdf, page2 used on 
input line 120.
(pdftex.def)             Requested size: 561.86221pt x 795.10587pt.
File: SE_requirements_analysis_Care4Care.pdf Graphic file (type pdf)

<use SE_requirements_analysis_Care4Care.pdf, page 2>
Package pdftex.def Info: SE_requirements_analysis_Care4Care.pdf, page2 used on 
input line 120.
(pdftex.def)             Requested size: 561.86221pt x 795.10587pt.
 [4 <./SE_requirements_analysis_Care4Care.pdf>]
<SE_requirements_analysis_Care4Care.pdf, id=80, page=3, 597.23125pt x 845.1575p
t>
File: SE_requirements_analysis_Care4Care.pdf Graphic file (type pdf)
 <use SE_requirements_analysis_Care4Care.pdf, page 3>
Package pdftex.def Info: SE_requirements_analysis_Care4Care.pdf, page3 used on 
input line 120.
(pdftex.def)             Requested size: 561.86221pt x 795.10587pt.
File: SE_requirements_analysis_Care4Care.pdf Graphic file (type pdf)

<use SE_requirements_analysis_Care4Care.pdf, page 3>
Package pdftex.def Info: SE_requirements_analysis_Care4Care.pdf, page3 used on 
input line 120.
(pdftex.def)             Requested size: 561.86221pt x 795.10587pt.
File: SE_requirements_analysis_Care4Care.pdf Graphic file (type pdf)

<use SE_requirements_analysis_Care4Care.pdf, page 3>
Package pdftex.def Info: SE_requirements_analysis_Care4Care.pdf, page3 used on 
input line 120.
(pdftex.def)             Requested size: 561.86221pt x 795.10587pt.
 [5 <./SE_requirements_analysis_Care4Care.pdf>]
<SE_requirements_analysis_Care4Care.pdf, id=93, page=4, 597.23125pt x 845.1575p
t>
File: SE_requirements_analysis_Care4Care.pdf Graphic file (type pdf)
 <use SE_requirements_analysis_Care4Care.pdf, page 4>
Package pdftex.def Info: SE_requirements_analysis_Care4Care.pdf, page4 used on 
input line 120.
(pdftex.def)             Requested size: 561.86221pt x 795.10587pt.
File: SE_requirements_analysis_Care4Care.pdf Graphic file (type pdf)

<use SE_requirements_analysis_Care4Care.pdf, page 4>
Package pdftex.def Info: SE_requirements_analysis_Care4Care.pdf, page4 used on 
input line 120.
(pdftex.def)             Requested size: 561.86221pt x 795.10587pt.
File: SE_requirements_analysis_Care4Care.pdf Graphic file (type pdf)

<use SE_requirements_analysis_Care4Care.pdf, page 4>
Package pdftex.def Info: SE_requirements_analysis_Care4Care.pdf, page4 used on 
input line 120.
(pdftex.def)             Requested size: 561.86221pt x 795.10587pt.
 [6 <./SE_requirements_analysis_Care4Care.pdf>]
<SE_requirements_analysis_Care4Care.pdf, id=98, page=5, 597.23125pt x 845.1575p
t>
File: SE_requirements_analysis_Care4Care.pdf Graphic file (type pdf)
 <use SE_requirements_analysis_Care4Care.pdf, page 5>
Package pdftex.def Info: SE_requirements_analysis_Care4Care.pdf, page5 used on 
input line 120.
(pdftex.def)             Requested size: 561.86221pt x 795.10587pt.
File: SE_requirements_analysis_Care4Care.pdf Graphic file (type pdf)

<use SE_requirements_analysis_Care4Care.pdf, page 5>
Package pdftex.def Info: SE_requirements_analysis_Care4Care.pdf, page5 used on 
input line 120.
(pdftex.def)             Requested size: 561.86221pt x 795.10587pt.
File: SE_requirements_analysis_Care4Care.pdf Graphic file (type pdf)

<use SE_requirements_analysis_Care4Care.pdf, page 5>
Package pdftex.def Info: SE_requirements_analysis_Care4Care.pdf, page5 used on 
input line 120.
(pdftex.def)             Requested size: 561.86221pt x 795.10587pt.
 [7 <./SE_requirements_analysis_Care4Care.pdf>]
<SE_requirements_analysis_Care4Care.pdf, id=104, page=6, 597.23125pt x 845.1575
pt>
File: SE_requirements_analysis_Care4Care.pdf Graphic file (type pdf)
 <use SE_requirements_analysis_Care4Care.pdf, page 6>
Package pdftex.def Info: SE_requirements_analysis_Care4Care.pdf, page6 used on 
input line 120.
(pdftex.def)             Requested size: 561.86221pt x 795.10587pt.
File: SE_requirements_analysis_Care4Care.pdf Graphic file (type pdf)

<use SE_requirements_analysis_Care4Care.pdf, page 6>
Package pdftex.def Info: SE_requirements_analysis_Care4Care.pdf, page6 used on 
input line 120.
(pdftex.def)             Requested size: 561.86221pt x 795.10587pt.
File: SE_requirements_analysis_Care4Care.pdf Graphic file (type pdf)

<use SE_requirements_analysis_Care4Care.pdf, page 6>
Package pdftex.def Info: SE_requirements_analysis_Care4Care.pdf, page6 used on 
input line 120.
(pdftex.def)             Requested size: 561.86221pt x 795.10587pt.
 [8 <./SE_requirements_analysis_Care4Care.pdf>]
<SE_requirements_analysis_Care4Care.pdf, id=109, page=7, 597.23125pt x 845.1575
pt>
File: SE_requirements_analysis_Care4Care.pdf Graphic file (type pdf)
 <use SE_requirements_analysis_Care4Care.pdf, page 7>
Package pdftex.def Info: SE_requirements_analysis_Care4Care.pdf, page7 used on 
input line 120.
(pdftex.def)             Requested size: 561.86221pt x 795.10587pt.
File: SE_requirements_analysis_Care4Care.pdf Graphic file (type pdf)

<use SE_requirements_analysis_Care4Care.pdf, page 7>
Package pdftex.def Info: SE_requirements_analysis_Care4Care.pdf, page7 used on 
input line 120.
(pdftex.def)             Requested size: 561.86221pt x 795.10587pt.
File: SE_requirements_analysis_Care4Care.pdf Graphic file (type pdf)

<use SE_requirements_analysis_Care4Care.pdf, page 7>
Package pdftex.def Info: SE_requirements_analysis_Care4Care.pdf, page7 used on 
input line 120.
(pdftex.def)             Requested size: 561.86221pt x 795.10587pt.
 [9 <./SE_requirements_analysis_Care4Care.pdf>]
<SE_requirements_analysis_Care4Care.pdf, id=118, page=8, 597.23125pt x 845.1575
pt>
File: SE_requirements_analysis_Care4Care.pdf Graphic file (type pdf)
 <use SE_requirements_analysis_Care4Care.pdf, page 8>
Package pdftex.def Info: SE_requirements_analysis_Care4Care.pdf, page8 used on 
input line 120.
(pdftex.def)             Requested size: 561.86221pt x 795.10587pt.
File: SE_requirements_analysis_Care4Care.pdf Graphic file (type pdf)

<use SE_requirements_analysis_Care4Care.pdf, page 8>
Package pdftex.def Info: SE_requirements_analysis_Care4Care.pdf, page8 used on 
input line 120.
(pdftex.def)             Requested size: 561.86221pt x 795.10587pt.
File: SE_requirements_analysis_Care4Care.pdf Graphic file (type pdf)

<use SE_requirements_analysis_Care4Care.pdf, page 8>
Package pdftex.def Info: SE_requirements_analysis_Care4Care.pdf, page8 used on 
input line 120.
(pdftex.def)             Requested size: 561.86221pt x 795.10587pt.
 [10 <./SE_requirements_analysis_Care4Care.pdf>]
<SE_requirements_analysis_Care4Care.pdf, id=123, page=9, 597.23125pt x 845.1575
pt>
File: SE_requirements_analysis_Care4Care.pdf Graphic file (type pdf)
 <use SE_requirements_analysis_Care4Care.pdf, page 9>
Package pdftex.def Info: SE_requirements_analysis_Care4Care.pdf, page9 used on 
input line 120.
(pdftex.def)             Requested size: 561.86221pt x 795.10587pt.
File: SE_requirements_analysis_Care4Care.pdf Graphic file (type pdf)

<use SE_requirements_analysis_Care4Care.pdf, page 9>
Package pdftex.def Info: SE_requirements_analysis_Care4Care.pdf, page9 used on 
input line 120.
(pdftex.def)             Requested size: 561.86221pt x 795.10587pt.
File: SE_requirements_analysis_Care4Care.pdf Graphic file (type pdf)

<use SE_requirements_analysis_Care4Care.pdf, page 9>
Package pdftex.def Info: SE_requirements_analysis_Care4Care.pdf, page9 used on 
input line 120.
(pdftex.def)             Requested size: 561.86221pt x 795.10587pt.
 [11 <./SE_requirements_analysis_Care4Care.pdf>]
<SE_requirements_analysis_Care4Care.pdf, id=128, page=10, 597.23125pt x 845.157
5pt>
File: SE_requirements_analysis_Care4Care.pdf Graphic file (type pdf)
 <use SE_requirements_analysis_Care4Care.pdf, page 10>
Package pdftex.def Info: SE_requirements_analysis_Care4Care.pdf, page10 used on
 input line 120.
(pdftex.def)             Requested size: 561.86221pt x 795.10587pt.
File: SE_requirements_analysis_Care4Care.pdf Graphic file (type pdf)

<use SE_requirements_analysis_Care4Care.pdf, page 10>
Package pdftex.def Info: SE_requirements_analysis_Care4Care.pdf, page10 used on
 input line 120.
(pdftex.def)             Requested size: 561.86221pt x 795.10587pt.
File: SE_requirements_analysis_Care4Care.pdf Graphic file (type pdf)

<use SE_requirements_analysis_Care4Care.pdf, page 10>
Package pdftex.def Info: SE_requirements_analysis_Care4Care.pdf, page10 used on
 input line 120.
(pdftex.def)             Requested size: 561.86221pt x 795.10587pt.
 [12 <./SE_requirements_analysis_Care4Care.pdf>]
<SE_requirements_analysis_Care4Care.pdf, id=133, page=11, 597.23125pt x 845.157
5pt>
File: SE_requirements_analysis_Care4Care.pdf Graphic file (type pdf)
 <use SE_requirements_analysis_Care4Care.pdf, page 11>
Package pdftex.def Info: SE_requirements_analysis_Care4Care.pdf, page11 used on
 input line 120.
(pdftex.def)             Requested size: 561.86221pt x 795.10587pt.
File: SE_requirements_analysis_Care4Care.pdf Graphic file (type pdf)

<use SE_requirements_analysis_Care4Care.pdf, page 11>
Package pdftex.def Info: SE_requirements_analysis_Care4Care.pdf, page11 used on
 input line 120.
(pdftex.def)             Requested size: 561.86221pt x 795.10587pt.
File: SE_requirements_analysis_Care4Care.pdf Graphic file (type pdf)

<use SE_requirements_analysis_Care4Care.pdf, page 11>
Package pdftex.def Info: SE_requirements_analysis_Care4Care.pdf, page11 used on
 input line 120.
(pdftex.def)             Requested size: 561.86221pt x 795.10587pt.
 [13 <./SE_requirements_analysis_Care4Care.pdf>]
<SE_requirements_analysis_Care4Care.pdf, id=151, page=12, 597.23125pt x 845.157
5pt>
File: SE_requirements_analysis_Care4Care.pdf Graphic file (type pdf)
 <use SE_requirements_analysis_Care4Care.pdf, page 12>
Package pdftex.def Info: SE_requirements_analysis_Care4Care.pdf, page12 used on
 input line 120.
(pdftex.def)             Requested size: 561.86221pt x 795.10587pt.
File: SE_requirements_analysis_Care4Care.pdf Graphic file (type pdf)

<use SE_requirements_analysis_Care4Care.pdf, page 12>
Package pdftex.def Info: SE_requirements_analysis_Care4Care.pdf, page12 used on
 input line 120.
(pdftex.def)             Requested size: 561.86221pt x 795.10587pt.
File: SE_requirements_analysis_Care4Care.pdf Graphic file (type pdf)

<use SE_requirements_analysis_Care4Care.pdf, page 12>
Package pdftex.def Info: SE_requirements_analysis_Care4Care.pdf, page12 used on
 input line 120.
(pdftex.def)             Requested size: 561.86221pt x 795.10587pt.
 [14 <./SE_requirements_analysis_Care4Care.pdf>]
<SE_requirements_analysis_Care4Care.pdf, id=156, page=13, 597.23125pt x 845.157
5pt>
File: SE_requirements_analysis_Care4Care.pdf Graphic file (type pdf)
 <use SE_requirements_analysis_Care4Care.pdf, page 13>
Package pdftex.def Info: SE_requirements_analysis_Care4Care.pdf, page13 used on
 input line 120.
(pdftex.def)             Requested size: 561.86221pt x 795.10587pt.
File: SE_requirements_analysis_Care4Care.pdf Graphic file (type pdf)

<use SE_requirements_analysis_Care4Care.pdf, page 13>
Package pdftex.def Info: SE_requirements_analysis_Care4Care.pdf, page13 used on
 input line 120.
(pdftex.def)             Requested size: 561.86221pt x 795.10587pt.
File: SE_requirements_analysis_Care4Care.pdf Graphic file (type pdf)

<use SE_requirements_analysis_Care4Care.pdf, page 13>
Package pdftex.def Info: SE_requirements_analysis_Care4Care.pdf, page13 used on
 input line 120.
(pdftex.def)             Requested size: 561.86221pt x 795.10587pt.
 [15 <./SE_requirements_analysis_Care4Care.pdf>]
<SE_requirements_analysis_Care4Care.pdf, id=161, page=14, 597.23125pt x 845.157
5pt>
File: SE_requirements_analysis_Care4Care.pdf Graphic file (type pdf)
 <use SE_requirements_analysis_Care4Care.pdf, page 14>
Package pdftex.def Info: SE_requirements_analysis_Care4Care.pdf, page14 used on
 input line 120.
(pdftex.def)             Requested size: 561.86221pt x 795.10587pt.
File: SE_requirements_analysis_Care4Care.pdf Graphic file (type pdf)

<use SE_requirements_analysis_Care4Care.pdf, page 14>
Package pdftex.def Info: SE_requirements_analysis_Care4Care.pdf, page14 used on
 input line 120.
(pdftex.def)             Requested size: 561.86221pt x 795.10587pt.
File: SE_requirements_analysis_Care4Care.pdf Graphic file (type pdf)

<use SE_requirements_analysis_Care4Care.pdf, page 14>
Package pdftex.def Info: SE_requirements_analysis_Care4Care.pdf, page14 used on
 input line 120.
(pdftex.def)             Requested size: 561.86221pt x 795.10587pt.
 [16 <./SE_requirements_analysis_Care4Care.pdf>]
<SE_requirements_analysis_Care4Care.pdf, id=167, page=15, 597.23125pt x 845.157
5pt>
File: SE_requirements_analysis_Care4Care.pdf Graphic file (type pdf)
 <use SE_requirements_analysis_Care4Care.pdf, page 15>
Package pdftex.def Info: SE_requirements_analysis_Care4Care.pdf, page15 used on
 input line 120.
(pdftex.def)             Requested size: 561.86221pt x 795.10587pt.
File: SE_requirements_analysis_Care4Care.pdf Graphic file (type pdf)

<use SE_requirements_analysis_Care4Care.pdf, page 15>
Package pdftex.def Info: SE_requirements_analysis_Care4Care.pdf, page15 used on
 input line 120.
(pdftex.def)             Requested size: 561.86221pt x 795.10587pt.
File: SE_requirements_analysis_Care4Care.pdf Graphic file (type pdf)

<use SE_requirements_analysis_Care4Care.pdf, page 15>
Package pdftex.def Info: SE_requirements_analysis_Care4Care.pdf, page15 used on
 input line 120.
(pdftex.def)             Requested size: 561.86221pt x 795.10587pt.
 [17 <./SE_requirements_analysis_Care4Care.pdf>]
<SE_requirements_analysis_Care4Care.pdf, id=172, page=16, 597.23125pt x 845.157
5pt>
File: SE_requirements_analysis_Care4Care.pdf Graphic file (type pdf)
 <use SE_requirements_analysis_Care4Care.pdf, page 16>
Package pdftex.def Info: SE_requirements_analysis_Care4Care.pdf, page16 used on
 input line 120.
(pdftex.def)             Requested size: 561.86221pt x 795.10587pt.
File: SE_requirements_analysis_Care4Care.pdf Graphic file (type pdf)

<use SE_requirements_analysis_Care4Care.pdf, page 16>
Package pdftex.def Info: SE_requirements_analysis_Care4Care.pdf, page16 used on
 input line 120.
(pdftex.def)             Requested size: 561.86221pt x 795.10587pt.
File: SE_requirements_analysis_Care4Care.pdf Graphic file (type pdf)

<use SE_requirements_analysis_Care4Care.pdf, page 16>
Package pdftex.def Info: SE_requirements_analysis_Care4Care.pdf, page16 used on
 input line 120.
(pdftex.def)             Requested size: 561.86221pt x 795.10587pt.
 [18 <./SE_requirements_analysis_Care4Care.pdf>]
<SE_requirements_analysis_Care4Care.pdf, id=177, page=17, 597.23125pt x 845.157
5pt>
File: SE_requirements_analysis_Care4Care.pdf Graphic file (type pdf)
 <use SE_requirements_analysis_Care4Care.pdf, page 17>
Package pdftex.def Info: SE_requirements_analysis_Care4Care.pdf, page17 used on
 input line 120.
(pdftex.def)             Requested size: 561.86221pt x 795.10587pt.
File: SE_requirements_analysis_Care4Care.pdf Graphic file (type pdf)

<use SE_requirements_analysis_Care4Care.pdf, page 17>
Package pdftex.def Info: SE_requirements_analysis_Care4Care.pdf, page17 used on
 input line 120.
(pdftex.def)             Requested size: 561.86221pt x 795.10587pt.
File: SE_requirements_analysis_Care4Care.pdf Graphic file (type pdf)

<use SE_requirements_analysis_Care4Care.pdf, page 17>
Package pdftex.def Info: SE_requirements_analysis_Care4Care.pdf, page17 used on
 input line 120.
(pdftex.def)             Requested size: 561.86221pt x 795.10587pt.
 [19 <./SE_requirements_analysis_Care4Care.pdf>]
<SE_requirements_analysis_Care4Care.pdf, id=183, page=18, 597.23125pt x 845.157
5pt>
File: SE_requirements_analysis_Care4Care.pdf Graphic file (type pdf)
 <use SE_requirements_analysis_Care4Care.pdf, page 18>
Package pdftex.def Info: SE_requirements_analysis_Care4Care.pdf, page18 used on
 input line 120.
(pdftex.def)             Requested size: 561.86221pt x 795.10587pt.
File: SE_requirements_analysis_Care4Care.pdf Graphic file (type pdf)

<use SE_requirements_analysis_Care4Care.pdf, page 18>
Package pdftex.def Info: SE_requirements_analysis_Care4Care.pdf, page18 used on
 input line 120.
(pdftex.def)             Requested size: 561.86221pt x 795.10587pt.
File: SE_requirements_analysis_Care4Care.pdf Graphic file (type pdf)

<use SE_requirements_analysis_Care4Care.pdf, page 18>
Package pdftex.def Info: SE_requirements_analysis_Care4Care.pdf, page18 used on
 input line 120.
(pdftex.def)             Requested size: 561.86221pt x 795.10587pt.
 [20 <./SE_requirements_analysis_Care4Care.pdf>]
<SE_requirements_analysis_Care4Care.pdf, id=188, page=19, 597.23125pt x 845.157
5pt>
File: SE_requirements_analysis_Care4Care.pdf Graphic file (type pdf)
 <use SE_requirements_analysis_Care4Care.pdf, page 19>
Package pdftex.def Info: SE_requirements_analysis_Care4Care.pdf, page19 used on
 input line 120.
(pdftex.def)             Requested size: 561.86221pt x 795.10587pt.
File: SE_requirements_analysis_Care4Care.pdf Graphic file (type pdf)

<use SE_requirements_analysis_Care4Care.pdf, page 19>
Package pdftex.def Info: SE_requirements_analysis_Care4Care.pdf, page19 used on
 input line 120.
(pdftex.def)             Requested size: 561.86221pt x 795.10587pt.
File: SE_requirements_analysis_Care4Care.pdf Graphic file (type pdf)

<use SE_requirements_analysis_Care4Care.pdf, page 19>
Package pdftex.def Info: SE_requirements_analysis_Care4Care.pdf, page19 used on
 input line 120.
(pdftex.def)             Requested size: 561.86221pt x 795.10587pt.
 [21 <./SE_requirements_analysis_Care4Care.pdf>]
<SE_requirements_analysis_Care4Care.pdf, id=193, page=20, 597.23125pt x 845.157
5pt>
File: SE_requirements_analysis_Care4Care.pdf Graphic file (type pdf)
 <use SE_requirements_analysis_Care4Care.pdf, page 20>
Package pdftex.def Info: SE_requirements_analysis_Care4Care.pdf, page20 used on
 input line 120.
(pdftex.def)             Requested size: 561.86221pt x 795.10587pt.
File: SE_requirements_analysis_Care4Care.pdf Graphic file (type pdf)

<use SE_requirements_analysis_Care4Care.pdf, page 20>
Package pdftex.def Info: SE_requirements_analysis_Care4Care.pdf, page20 used on
 input line 120.
(pdftex.def)             Requested size: 561.86221pt x 795.10587pt.
File: SE_requirements_analysis_Care4Care.pdf Graphic file (type pdf)

<use SE_requirements_analysis_Care4Care.pdf, page 20>
Package pdftex.def Info: SE_requirements_analysis_Care4Care.pdf, page20 used on
 input line 120.
(pdftex.def)             Requested size: 561.86221pt x 795.10587pt.
 [22 <./SE_requirements_analysis_Care4Care.pdf>]
<SE_requirements_analysis_Care4Care.pdf, id=198, page=21, 597.23125pt x 845.157
5pt>
File: SE_requirements_analysis_Care4Care.pdf Graphic file (type pdf)
 <use SE_requirements_analysis_Care4Care.pdf, page 21>
Package pdftex.def Info: SE_requirements_analysis_Care4Care.pdf, page21 used on
 input line 120.
(pdftex.def)             Requested size: 561.86221pt x 795.10587pt.
File: SE_requirements_analysis_Care4Care.pdf Graphic file (type pdf)

<use SE_requirements_analysis_Care4Care.pdf, page 21>
Package pdftex.def Info: SE_requirements_analysis_Care4Care.pdf, page21 used on
 input line 120.
(pdftex.def)             Requested size: 561.86221pt x 795.10587pt.
File: SE_requirements_analysis_Care4Care.pdf Graphic file (type pdf)

<use SE_requirements_analysis_Care4Care.pdf, page 21>
Package pdftex.def Info: SE_requirements_analysis_Care4Care.pdf, page21 used on
 input line 120.
(pdftex.def)             Requested size: 561.86221pt x 795.10587pt.
 [23 <./SE_requirements_analysis_Care4Care.pdf>]
<SE_requirements_analysis_Care4Care.pdf, id=203, page=22, 597.23125pt x 845.157
5pt>
File: SE_requirements_analysis_Care4Care.pdf Graphic file (type pdf)
 <use SE_requirements_analysis_Care4Care.pdf, page 22>
Package pdftex.def Info: SE_requirements_analysis_Care4Care.pdf, page22 used on
 input line 120.
(pdftex.def)             Requested size: 561.86221pt x 795.10587pt.
File: SE_requirements_analysis_Care4Care.pdf Graphic file (type pdf)

<use SE_requirements_analysis_Care4Care.pdf, page 22>
Package pdftex.def Info: SE_requirements_analysis_Care4Care.pdf, page22 used on
 input line 120.
(pdftex.def)             Requested size: 561.86221pt x 795.10587pt.
File: SE_requirements_analysis_Care4Care.pdf Graphic file (type pdf)

<use SE_requirements_analysis_Care4Care.pdf, page 22>
Package pdftex.def Info: SE_requirements_analysis_Care4Care.pdf, page22 used on
 input line 120.
(pdftex.def)             Requested size: 561.86221pt x 795.10587pt.
 [24 <./SE_requirements_analysis_Care4Care.pdf>] (./DescriptionFeatures.tex
Underfull \hbox (badness 10000) in paragraph at lines 8--11

 []


Underfull \hbox (badness 10000) in paragraph at lines 13--16

 []


Underfull \hbox (badness 10000) in paragraph at lines 17--19

 []

<graphics/PublicCible.png, id=208, 627.34375pt x 137.51375pt>
File: graphics/PublicCible.png Graphic file (type png)

<use graphics/PublicCible.png>
Package pdftex.def Info: graphics/PublicCible.png used on input line 20.
(pdftex.def)             Requested size: 313.6711pt x 68.7567pt.

Underfull \hbox (badness 10000) in paragraph at lines 24--27

 []


Underfull \hbox (badness 10000) in paragraph at lines 29--32

 []

[25

 <./graphics/PublicCible.png>]
Underfull \hbox (badness 10000) in paragraph at lines 36--39

 []


Underfull \hbox (badness 10000) in paragraph at lines 41--44

 []


Underfull \hbox (badness 10000) in paragraph at lines 46--49

 []


Underfull \hbox (badness 10000) in paragraph at lines 51--54

 []


Overfull \hbox (4.14276pt too wide) in paragraph at lines 55--56
[]\T1/cmr/m/n/10 Parmi les per-sonnes phy-siques, on dis-tingue les dif-f-rent
es tranches d'ge : \T1/cmr/bx/n/10 Moins18ans\T1/cmr/m/n/10 , \T1/cmr/bx/n/10 
Etu-diants\T1/cmr/m/n/10 , \T1/cmr/bx/n/10 Adultes\T1/cmr/m/n/10 ,
 []


Underfull \hbox (badness 10000) in paragraph at lines 59--62

 []


Underfull \hbox (badness 10000) in paragraph at lines 65--68

 []

[26]
Underfull \hbox (badness 10000) in paragraph at lines 70--73

 []


Underfull \hbox (badness 10000) in paragraph at lines 75--78

 []

<graphics/Monnaie.png, id=219, 305.14pt x 183.68625pt>
File: graphics/Monnaie.png Graphic file (type png)

<use graphics/Monnaie.png>
Package pdftex.def Info: graphics/Monnaie.png used on input line 82.
(pdftex.def)             Requested size: 152.56961pt x 91.84288pt.


LaTeX Warning: Reference `dicoMonnaie' on page 27 undefined on input line 86.


Underfull \hbox (badness 10000) in paragraph at lines 86--89

 []


Underfull \hbox (badness 10000) in paragraph at lines 91--94

 []

[27 <./graphics/Monnaie.png>]
Underfull \hbox (badness 10000) in paragraph at lines 96--99

 []


Underfull \hbox (badness 10000) in paragraph at lines 101--104

 []


Underfull \hbox (badness 10000) in paragraph at lines 106--109

 []


Underfull \hbox (badness 10000) in paragraph at lines 111--114

 []


Underfull \hbox (badness 10000) in paragraph at lines 116--119

 []


Underfull \hbox (badness 10000) in paragraph at lines 122--125

 []


Underfull \hbox (badness 10000) in paragraph at lines 127--130

 []

[28] <graphics/Objectif.png, id=228, 134.5025pt x 84.315pt>
File: graphics/Objectif.png Graphic file (type png)

<use graphics/Objectif.png>
Package pdftex.def Info: graphics/Objectif.png used on input line 132.
(pdftex.def)             Requested size: 67.25107pt x 42.15738pt.

Underfull \hbox (badness 10000) in paragraph at lines 136--139

 []


Underfull \hbox (badness 10000) in paragraph at lines 141--144

 []


Underfull \hbox (badness 10000) in paragraph at lines 146--149

 []


Underfull \hbox (badness 10000) in paragraph at lines 151--154

 []

<graphics/Transactions.png, id=229, 562.1pt x 226.8475pt>
File: graphics/Transactions.png Graphic file (type png)

<use graphics/Transactions.png>
Package pdftex.def Info: graphics/Transactions.png used on input line 156.
(pdftex.def)             Requested size: 281.04932pt x 113.42346pt.

Underfull \hbox (badness 10000) in paragraph at lines 160--163

 []

[29 <./graphics/Objectif.png> <./graphics/Transactions.png>]
Underfull \hbox (badness 10000) in paragraph at lines 165--168

 []


Underfull \hbox (badness 10000) in paragraph at lines 172--175

 []


Underfull \hbox (badness 10000) in paragraph at lines 177--180

 []


Underfull \hbox (badness 10000) in paragraph at lines 183--186

 []


Underfull \hbox (badness 10000) in paragraph at lines 188--191

 []


Underfull \hbox (badness 10000) in paragraph at lines 193--196

 []


Underfull \hbox (badness 10000) in paragraph at lines 198--201

 []

[30]
Underfull \hbox (badness 10000) in paragraph at lines 203--206

 []


Underfull \hbox (badness 10000) in paragraph at lines 210--213

 []


LaTeX Warning: Reference `dicoTermes' on page 31 undefined on input line 215.

LaTeX Font Info:    Try loading font information for OMS+cmr on input line 216.

(/usr/share/texlive/texmf-dist/tex/latex/base/omscmr.fd
File: omscmr.fd 1999/05/25 v2.5h Standard LaTeX font definitions
)
LaTeX Font Info:    Font shape `OMS/cmr/m/n' in size <10> not available
(Font)              Font shape `OMS/cmsy/m/n' tried instead on input line 216.

Underfull \hbox (badness 10000) in paragraph at lines 215--218

 []


LaTeX Warning: Reference `dicoTermes' on page 31 undefined on input line 220.


Underfull \hbox (badness 10000) in paragraph at lines 220--223

 []


Underfull \hbox (badness 10000) in paragraph at lines 225--228

 []

[31] <graphics/Administration.png, id=251, 502.87875pt x 139.52126pt>
File: graphics/Administration.png Graphic file (type png)

<use graphics/Administration.png>
Package pdftex.def Info: graphics/Administration.png used on input line 230.
(pdftex.def)             Requested size: 251.43875pt x 69.76045pt.

Underfull \hbox (badness 10000) in paragraph at lines 234--237

 []


Underfull \hbox (badness 10000) in paragraph at lines 240--243

 []


Underfull \hbox (badness 10000) in paragraph at lines 245--248

 []


Underfull \hbox (badness 10000) in paragraph at lines 252--255

 []


Underfull \hbox (badness 10000) in paragraph at lines 257--260

 []

[32 <./graphics/Administration.png>]
Underfull \hbox (badness 10000) in paragraph at lines 262--265

 []

<graphics/Utilisateurs.png, id=260, 916.42375pt x 208.78pt>
File: graphics/Utilisateurs.png Graphic file (type png)

<use graphics/Utilisateurs.png>
Package pdftex.def Info: graphics/Utilisateurs.png used on input line 269.
(pdftex.def)             Requested size: 458.21075pt x 104.38972pt.

Underfull \hbox (badness 10000) in paragraph at lines 275--278

 []


Underfull \hbox (badness 10000) in paragraph at lines 281--284

 []


Underfull \hbox (badness 10000) in paragraph at lines 288--291

 []

[33 <./graphics/Utilisateurs.png>]
Underfull \hbox (badness 10000) in paragraph at lines 293--296

 []


Underfull \hbox (badness 10000) in paragraph at lines 298--301

 []


Underfull \hbox (badness 10000) in paragraph at lines 303--306

 []


Underfull \hbox (badness 10000) in paragraph at lines 308--311

 []


Underfull \hbox (badness 10000) in paragraph at lines 313--316

 []


Underfull \hbox (badness 10000) in paragraph at lines 318--321

 []


Underfull \hbox (badness 10000) in paragraph at lines 323--326

 []

[34]
Underfull \hbox (badness 10000) in paragraph at lines 328--331

 []

<graphics/Reporting.png, id=274, 429.605pt x 244.915pt>
File: graphics/Reporting.png Graphic file (type png)

<use graphics/Reporting.png>
Package pdftex.def Info: graphics/Reporting.png used on input line 333.
(pdftex.def)             Requested size: 214.80197pt x 122.45718pt.

Underfull \hbox (badness 10000) in paragraph at lines 338--341

 []


Underfull \hbox (badness 10000) in paragraph at lines 347--350

 []


Underfull \hbox (badness 10000) in paragraph at lines 352--355

 []

[35 <./graphics/Reporting.png>]
Underfull \hbox (badness 10000) in paragraph at lines 357--360

 []


Underfull \hbox (badness 10000) in paragraph at lines 362--365

 []


Underfull \hbox (badness 10000) in paragraph at lines 367--370

 []


Underfull \hbox (badness 10000) in paragraph at lines 373--376

 []


Underfull \hbox (badness 10000) in paragraph at lines 378--381

 []


Underfull \hbox (badness 10000) in paragraph at lines 383--386

 []

[36]
Underfull \hbox (badness 10000) in paragraph at lines 388--391

 []

<graphics/Support.png, id=283, 578.16pt x 252.945pt>
File: graphics/Support.png Graphic file (type png)

<use graphics/Support.png>
Package pdftex.def Info: graphics/Support.png used on input line 393.
(pdftex.def)             Requested size: 289.07928pt x 126.47218pt.

Underfull \hbox (badness 10000) in paragraph at lines 397--400

 []


Underfull \hbox (badness 10000) in paragraph at lines 402--405

 []


Underfull \hbox (badness 10000) in paragraph at lines 407--410

 []


Underfull \hbox (badness 10000) in paragraph at lines 412--415

 []

[37 <./graphics/Support.png>]

LaTeX Warning: Reference `autresOrgas' on page 38 undefined on input line 418.


Underfull \hbox (badness 10000) in paragraph at lines 417--420

 []


Underfull \hbox (badness 10000) in paragraph at lines 422--425

 []


Underfull \hbox (badness 10000) in paragraph at lines 428--431

 []


Underfull \hbox (badness 10000) in paragraph at lines 433--436

 []


Underfull \hbox (badness 10000) in paragraph at lines 438--441

 []


LaTeX Warning: Reference `QOIN' on page 38 undefined on input line 444.


Underfull \hbox (badness 10000) in paragraph at lines 443--446

 []

[38]
Underfull \hbox (badness 10000) in paragraph at lines 448--451

 []

<graphics/Rating.png, id=293, 162.6075pt x 88.33pt>
File: graphics/Rating.png Graphic file (type png)
 <use graphics/Rating.png>
Package pdftex.def Info: graphics/Rating.png used on input line 453.
(pdftex.def)             Requested size: 81.30354pt x 44.16489pt.

Underfull \hbox (badness 10000) in paragraph at lines 457--460

 []


Underfull \hbox (badness 10000) in paragraph at lines 462--465

 []


Underfull \hbox (badness 10000) in paragraph at lines 467--470

 []


Package hyperref Warning: Difference (2) between bookmark levels is greater 
(hyperref)                than one, level fixed on input line 473.

[39 <./graphics/Rating.png>]
Overfull \hbox (5.04915pt too wide) in paragraph at lines 489--490
[]$[]$ \T1/cmr/m/n/10 Cette rgle sou-ligne
 []

<graphics/BP1.png, id=298, 1421.31pt x 293.095pt>
File: graphics/BP1.png Graphic file (type png)
 <use graphics/BP1.png>
Package pdftex.def Info: graphics/BP1.png used on input line 497.
(pdftex.def)             Requested size: 540.10342pt x 111.37724pt.

<graphics/BP2.png, id=299, 1666.225pt x 331.2375pt>
File: graphics/BP2.png Graphic file (type png)
 <use graphics/BP2.png>
Package pdftex.def Info: graphics/BP2.png used on input line 498.
(pdftex.def)             Requested size: 633.17209pt x 125.87155pt.
)
Package atveryend Info: Empty hook `BeforeClearDocument' on input line 124.

[40] [41 <./graphics/BP1.png> <./graphics/BP2.png>]
Package atveryend Info: Empty hook `AfterLastShipout' on input line 124.
 (./main.aux)
Package atveryend Info: Executing hook `AtVeryEndDocument' on input line 124.
Package atveryend Info: Executing hook `AtEndAfterFileList' on input line 124.
Package rerunfilecheck Info: File `main.out' has not changed.
(rerunfilecheck)             Checksum: C388A962EB107087C81F2CD459AB3E11;321.


LaTeX Warning: There were undefined references.

Package atveryend Info: Empty hook `AtVeryVeryEnd' on input line 124.
 ) 
Here is how much of TeX's memory you used:
 9685 strings out of 494999
 143475 string characters out of 6180229
 240369 words of memory out of 5000000
 12719 multiletter control sequences out of 15000+600000
 10305 words of font info for 23 fonts, out of 8000000 for 9000
 14 hyphenation exceptions out of 8191
 40i,18n,46p,729b,525s stack positions out of 5000i,500n,10000p,200000b,80000s
 </home/maxime/.texmf-var/fonts/pk/ljfour/jknappen/ec/ecrm0800.600pk> </home/
maxime/.texmf-var/fonts/pk/ljfour/jknappen/ec/ecrm0700.600pk> </home/maxime/.te
xmf-var/fonts/pk/ljfour/jknappen/ec/ecbx1000.600pk> </home/maxime/.texmf-var/fo
nts/pk/ljfour/jknappen/ec/ecbx1440.600pk> </home/maxime/.texmf-var/fonts/pk/ljf
our/jknappen/ec/eccc1000.600pk> </home/maxime/.texmf-var/fonts/pk/ljfour/jknapp
en/ec/ecxc2488.600pk> </home/maxime/.texmf-var/fonts/pk/ljfour/jknappen/ec/ecrm
1000.600pk></usr/share/texlive/texmf-dist/fonts/type1/public/amsfonts/cm/cmsy10
.pfb>
Output written on main.pdf (41 pages, 1024415 bytes).
PDF statistics:
 591 PDF objects out of 1000 (max. 8388607)
 254 compressed objects within 3 object streams
 51 named destinations out of 1000 (max. 500000)
 223 words of extra memory for PDF output out of 10000 (max. 10000000)

