\BOOKMARK [1][-]{section.1}{Introduction}{}% 1
\BOOKMARK [1][-]{section.2}{Background material}{}% 2
\BOOKMARK [2][-]{subsection.2.1}{Les feature models}{section.2}% 3
\BOOKMARK [2][-]{subsection.2.2}{Outil : featureIDE}{section.2}% 4
\BOOKMARK [2][-]{subsection.2.3}{Outil : Django}{section.2}% 5
\BOOKMARK [2][-]{subsection.2.4}{Open-source et licences}{section.2}% 6
\BOOKMARK [1][-]{section.3}{Problem Statement}{}% 7
\BOOKMARK [2][-]{subsection.3.1}{BuurtPensioen}{section.3}% 8
\BOOKMARK [2][-]{subsection.3.2}{Solution propos\351e dans le cadre du cours LSINF/INFO 2255}{section.3}% 9
\BOOKMARK [2][-]{subsection.3.3}{Autres organisations existantes}{section.3}% 10
\BOOKMARK [1][-]{section.4}{Approche}{}% 11
\BOOKMARK [1][-]{section.5}{Analyse du domaine}{}% 12
\BOOKMARK [2][-]{subsection.5.1}{Dictionnaire des termes - Glossaire}{section.5}% 13
\BOOKMARK [2][-]{subsection.5.2}{Feature model}{section.5}% 14
\BOOKMARK [3][-]{subsubsection.5.2.1}{Feature diagram}{subsection.5.2}% 15
\BOOKMARK [3][-]{subsubsection.5.2.2}{D\351finition et justification des features}{subsection.5.2}% 16
\BOOKMARK [3][-]{subsubsection.5.2.3}{R\350gles de composition}{subsection.5.2}% 17
\BOOKMARK [3][-]{subsubsection.5.2.4}{Le feature model de Buurtpensioen}{subsection.5.2}% 18
\BOOKMARK [1][-]{section.6}{Developpement}{}% 19
\BOOKMARK [2][-]{subsection.6.1}{Approche}{section.6}% 20
\BOOKMARK [3][-]{subsubsection.6.1.1}{D\351veloppement d'un framework}{subsection.6.1}% 21
\BOOKMARK [3][-]{subsubsection.6.1.2}{Outils}{subsection.6.1}% 22
\BOOKMARK [3][-]{subsubsection.6.1.3}{Concepts pour le refactoring}{subsection.6.1}% 23
\BOOKMARK [2][-]{subsection.6.2}{Recherche et impl\351mentation des features}{section.6}% 24
\BOOKMARK [3][-]{subsubsection.6.2.1}{Feature Temps}{subsection.6.2}% 25
\BOOKMARK [3][-]{subsubsection.6.2.2}{Feature BusinessUnits}{subsection.6.2}% 26
\BOOKMARK [2][-]{subsection.6.3}{Discussion}{section.6}% 27
\BOOKMARK [1][-]{section.7}{Future Work}{}% 28
\BOOKMARK [1][-]{section.8}{Conclusion}{}% 29
\BOOKMARK [1][-]{appendix.A}{Annexes}{}% 30
